INFO    : Building target web
INFO    : Generating any needed assets.
INFO    : converting latex-image pictures from /home/miranda/Documents/school/MTH20/mth20-workbook/source/main.ptx to svg graphics for placement in /home/miranda/Documents/school/MTH20/mth20-workbook/source/gen/latex-image
INFO    : extracting latex-image pictures from /home/miranda/Documents/school/MTH20/mth20-workbook/source/main.ptx
INFO    : string parameters passed to extraction stylesheet: {'publisher': '/home/miranda/Documents/school/MTH20/mth20-workbook/publication/publication.ptx'}
INFO    : discovering source file's directory name: /home/miranda/Documents/school/MTH20/mth20-workbook/source
INFO    : verifying and expanding input directory: /home/miranda/Documents/school/MTH20/mth20-workbook/source/gen
INFO    : input directory expanded to absolute path: /home/miranda/Documents/school/MTH20/mth20-workbook/source/gen
INFO    : verifying and expanding input directory: /home/miranda/Documents/school/MTH20/mth20-workbook/source/media
INFO    : input directory expanded to absolute path: /home/miranda/Documents/school/MTH20/mth20-workbook/source/media
INFO    : XSL conversion of /home/miranda/Documents/school/MTH20/mth20-workbook/source/main.ptx by /home/miranda/.ptx/2.14.0/core/xsl/extract-latex-image.xsl
INFO    : messages from the log for XSL processing:
WARNING : * PTX:WARNING:   the requested HTML index page cannot be constructed since "workbook-article" is not an @xml:id anywhere in the document.  Defaults will be used instead
INFO    : * PTX:INFO:   checking ONLY the last TWO YEARS of element deprecations.
Rerun with the string parameter "author.deprecations.all" set to "yes" to check your source against all deprecations.
INFO    : successful application of /home/miranda/.ptx/2.14.0/core/xsl/extract-latex-image.xsl
INFO    : converting worksheet-triangle-cyclic-medians-copy.tex to worksheet-triangle-cyclic-medians-copy.pdf
INFO    : cropping worksheet-triangle-cyclic-medians-copy.pdf to cropped-worksheet-triangle-cyclic-medians-copy.pdf
INFO    : renaming cropped-worksheet-triangle-cyclic-medians-copy.pdf to worksheet-triangle-cyclic-medians-copy.pdf
INFO    : converting worksheet-triangle-cyclic-medians-copy.pdf to worksheet-triangle-cyclic-medians-copy.svg
INFO    : converting worksheet-midpoints-of-quadrilateral.tex to worksheet-midpoints-of-quadrilateral.pdf
INFO    : cropping worksheet-midpoints-of-quadrilateral.pdf to cropped-worksheet-midpoints-of-quadrilateral.pdf
INFO    : renaming cropped-worksheet-midpoints-of-quadrilateral.pdf to worksheet-midpoints-of-quadrilateral.pdf
INFO    : converting worksheet-midpoints-of-quadrilateral.pdf to worksheet-midpoints-of-quadrilateral.svg
INFO    : converting worksheet-triangle-cyclic-vectors.tex to worksheet-triangle-cyclic-vectors.pdf
INFO    : cropping worksheet-triangle-cyclic-vectors.pdf to cropped-worksheet-triangle-cyclic-vectors.pdf
INFO    : renaming cropped-worksheet-triangle-cyclic-vectors.pdf to worksheet-triangle-cyclic-vectors.pdf
INFO    : converting worksheet-triangle-cyclic-vectors.pdf to worksheet-triangle-cyclic-vectors.svg
INFO    : Removing temporary directory /tmp/ptx-8mi7xcmq
INFO    : Finished generating assets.

INFO    : Preparing to build into /home/miranda/Documents/school/MTH20/mth20-workbook/output/web.
INFO    : discovering source file's directory name: /home/miranda/Documents/school/MTH20/mth20-workbook/source
INFO    : verifying and expanding input directory: /home/miranda/Documents/school/MTH20/mth20-workbook/source/gen
INFO    : input directory expanded to absolute path: /home/miranda/Documents/school/MTH20/mth20-workbook/source/gen
INFO    : verifying and expanding input directory: /home/miranda/Documents/school/MTH20/mth20-workbook/source/media
INFO    : input directory expanded to absolute path: /home/miranda/Documents/school/MTH20/mth20-workbook/source/media
INFO    : Downloading rs services file from https://runestone.academy/cdn/runestone/latest/webpack_static_imports.xml.
INFO    : Runestone Services via online CDN query: version 7.5.10
INFO    : Downloading Runestone Services, version 7.5.10
INFO    : Extracting Runestone Services from archive file
INFO    : XSL conversion of /home/miranda/Documents/school/MTH20/mth20-workbook/source/main.ptx by /home/miranda/.ptx/2.14.0/core/xsl/utilities/report-publisher-variables.xsl
INFO    : messages from the log for XSL processing:
WARNING : * PTX:WARNING:   the requested HTML index page cannot be constructed since "workbook-article" is not an @xml:id anywhere in the document.  Defaults will be used instead
INFO    : successful application of /home/miranda/.ptx/2.14.0/core/xsl/utilities/report-publisher-variables.xsl
INFO    : converting /home/miranda/Documents/school/MTH20/mth20-workbook/source/main.ptx to HTML in /tmp/ptx-y1x0gnab
INFO    : XSL conversion of /home/miranda/Documents/school/MTH20/mth20-workbook/source/main.ptx by /home/miranda/.ptx/2.14.0/core/xsl/pretext-html.xsl
INFO    : messages from the log for XSL processing:
WARNING : * PTX:WARNING:   the requested HTML index page cannot be constructed since "workbook-article" is not an @xml:id anywhere in the document.  Defaults will be used instead
INFO    : * PTX:INFO:   checking ONLY the last TWO YEARS of element deprecations.
Rerun with the string parameter "author.deprecations.all" set to "yes" to check your source against all deprecations.
WARNING : * PTX:DEPRECATE: (2024-07-12) the html/css/@style publication file entry has been deprecated for replacement by @theme. See the Guide for theme options.
INFO    : * --------------
WARNING : * PTX:DEPRECATE: (2024-07-12) the html/css/@toc, @navbar, @shell, @knowls, and @banner publication entries have been deprecated. Use @theme to control html appearance. See the Guide for theme options.
INFO    : * --------------
INFO    : successful application of /home/miranda/.ptx/2.14.0/core/xsl/pretext-html.xsl
INFO    : Removing temporary directory /tmp/ptx-y1x0gnab
INFO    : Removing temporary directory /tmp/ptx-usr7eup2
INFO    : 
Success! Run `pretext view` to see the results.

INFO    : 
