WARNING : Could not find a target 'pdf', but found a target 'print' with format='pdf'; using this target.
INFO    : Building target print
INFO    : Generating any needed assets.
INFO    : Finished generating assets.

INFO    : Preparing to build into /home/miranda/Documents/school/MTH20/mth20-workbook/output/print.
INFO    : discovering source file's directory name: /home/miranda/Documents/school/MTH20/mth20-workbook/source
INFO    : verifying and expanding input directory: /home/miranda/Documents/school/MTH20/mth20-workbook/source/../generated-assets
INFO    : input directory expanded to absolute path: /home/miranda/Documents/school/MTH20/mth20-workbook/generated-assets
INFO    : verifying and expanding input directory: /home/miranda/Documents/school/MTH20/mth20-workbook/source/../assets
INFO    : input directory expanded to absolute path: /home/miranda/Documents/school/MTH20/mth20-workbook/assets
INFO    : XSL conversion of /home/miranda/Documents/school/MTH20/mth20-workbook/source/main.ptx by /home/miranda/.ptx/2.14.0/core/xsl/utilities/report-publisher-variables.xsl
INFO    : successful application of /home/miranda/.ptx/2.14.0/core/xsl/utilities/report-publisher-variables.xsl
INFO    : converting /home/miranda/Documents/school/MTH20/mth20-workbook/source/main.ptx to LaTeX as /tmp/ptx-yf6e88sh/main.tex
INFO    : XSL conversion of /home/miranda/Documents/school/MTH20/mth20-workbook/source/main.ptx by /home/miranda/.ptx/2.14.0/core/xsl/pretext-latex.xsl
INFO    : messages from the log for XSL processing:
INFO    : * PTX:INFO:   checking ONLY the last TWO YEARS of element deprecations.
Rerun with the string parameter "author.deprecations.all" set to "yes" to check your source against all deprecations.
INFO    : successful application of /home/miranda/.ptx/2.14.0/core/xsl/pretext-latex.xsl
INFO    : Removing temporary directory /tmp/ptx-yf6e88sh
INFO    : Removing temporary directory /tmp/ptx-1acxmg0g
INFO    : 
Success! Run `pretext view` to see the results.

INFO    : 
