WARNING : Using CLI version 2.15.1 but project's `requirements.txt`
WARNING : is configured to use 2.14.0. Consider either installing
WARNING : CLI version 2.14.0 or running `pretext update`
WARNING : to update `requirements.txt` and other managed files to match 2.15.1.
WARNING : Could not find a target 'pdf', but found a target 'print' with format='pdf'; using this target.
INFO    : Now preparing local server to preview your project directory `/home/miranda/Documents/MTH20/mth20-workbook`.
INFO    :   (Reminder: use `pretext deploy` to deploy your built project to a public
INFO    :   GitHub Pages site that can be shared with readers who cannot access your
INFO    :   personal computer.)
INFO    : 
INFO    : starting server ...
INFO    : setting up ...
INFO    : values set...
INFO    : adding server entry
INFO    : Added server entry 23b6e8a150 48837 8128 localhost

INFO    : Starting the server
INFO    : Server will soon be available at http://localhost:8128
INFO    : Opening browser for target `print` at http://localhost:8128/output/print
INFO    : Stopping server.
INFO    : 
