INFO    : Building target web
INFO    : Generating any needed assets.
INFO    : Finished generating assets.

INFO    : Preparing to build into /home/miranda/Documents/school/MTH20/mth20-workbook/output/web.
INFO    : discovering source file's directory name: /home/miranda/Documents/school/MTH20/mth20-workbook/source
INFO    : verifying and expanding input directory: /home/miranda/Documents/school/MTH20/mth20-workbook/source/gen
INFO    : input directory expanded to absolute path: /home/miranda/Documents/school/MTH20/mth20-workbook/source/gen
INFO    : verifying and expanding input directory: /home/miranda/Documents/school/MTH20/mth20-workbook/source/media
INFO    : input directory expanded to absolute path: /home/miranda/Documents/school/MTH20/mth20-workbook/source/media
INFO    : Downloading rs services file from https://runestone.academy/cdn/runestone/latest/webpack_static_imports.xml.
INFO    : Runestone Services via online CDN query: version 7.5.10
INFO    : Downloading Runestone Services, version 7.5.10
INFO    : Extracting Runestone Services from archive file
INFO    : XSL conversion of /home/miranda/Documents/school/MTH20/mth20-workbook/source/main.ptx by /home/miranda/.ptx/2.14.0/core/xsl/utilities/report-publisher-variables.xsl
INFO    : messages from the log for XSL processing:
WARNING : * PTX:WARNING:   the requested HTML index page cannot be constructed since "workbook-article" is not an @xml:id anywhere in the document.  Defaults will be used instead
INFO    : successful application of /home/miranda/.ptx/2.14.0/core/xsl/utilities/report-publisher-variables.xsl
INFO    : converting /home/miranda/Documents/school/MTH20/mth20-workbook/source/main.ptx to HTML in /tmp/ptx-jfyok5sf
INFO    : XSL conversion of /home/miranda/Documents/school/MTH20/mth20-workbook/source/main.ptx by /home/miranda/.ptx/2.14.0/core/xsl/pretext-html.xsl
INFO    : messages from the log for XSL processing:
WARNING : * PTX:WARNING:   the requested HTML index page cannot be constructed since "workbook-article" is not an @xml:id anywhere in the document.  Defaults will be used instead
INFO    : * PTX:INFO:   checking ONLY the last TWO YEARS of element deprecations.
Rerun with the string parameter "author.deprecations.all" set to "yes" to check your source against all deprecations.
WARNING : * PTX:DEPRECATE: (2024-07-12) the html/css/@style publication file entry has been deprecated for replacement by @theme. See the Guide for theme options.
INFO    : * --------------
WARNING : * PTX:DEPRECATE: (2024-07-12) the html/css/@toc, @navbar, @shell, @knowls, and @banner publication entries have been deprecated. Use @theme to control html appearance. See the Guide for theme options.
INFO    : * --------------
INFO    : successful application of /home/miranda/.ptx/2.14.0/core/xsl/pretext-html.xsl
INFO    : Removing temporary directory /tmp/ptx-jfyok5sf
INFO    : Removing temporary directory /tmp/ptx-4_uhhzek
INFO    : 
Success! Run `pretext view` to see the results.

INFO    : 
